0 info it worked if it ends with ok
1 verbose cli [ '/usr/bin/node',
1 verbose cli   '/usr/bin/npm',
1 verbose cli   'install',
1 verbose cli   '--save-dev',
1 verbose cli   'gulp',
1 verbose cli   'gup-util' ]
2 info using npm@1.4.28
3 info using node@v0.10.32
4 verbose node symlink /usr/bin/node
5 warn package.json ordbog@0.0.1 No repository field.
6 warn package.json ordbog@0.0.1 No README data
7 verbose readDependencies using package.json deps
8 verbose cache add [ 'gulp', null ]
9 verbose cache add name=undefined spec="gulp" args=["gulp",null]
10 verbose parsed url { protocol: null,
10 verbose parsed url   slashes: null,
10 verbose parsed url   auth: null,
10 verbose parsed url   host: null,
10 verbose parsed url   port: null,
10 verbose parsed url   hostname: null,
10 verbose parsed url   hash: null,
10 verbose parsed url   search: null,
10 verbose parsed url   query: null,
10 verbose parsed url   pathname: 'gulp',
10 verbose parsed url   path: 'gulp',
10 verbose parsed url   href: 'gulp' }
11 verbose cache add [ 'gup-util', null ]
12 verbose cache add name=undefined spec="gup-util" args=["gup-util",null]
13 verbose parsed url { protocol: null,
13 verbose parsed url   slashes: null,
13 verbose parsed url   auth: null,
13 verbose parsed url   host: null,
13 verbose parsed url   port: null,
13 verbose parsed url   hostname: null,
13 verbose parsed url   hash: null,
13 verbose parsed url   search: null,
13 verbose parsed url   query: null,
13 verbose parsed url   pathname: 'gup-util',
13 verbose parsed url   path: 'gup-util',
13 verbose parsed url   href: 'gup-util' }
14 silly lockFile 9750c68d-gulp gulp
15 verbose lock gulp /home/oscar/.npm/9750c68d-gulp.lock
16 silly lockFile 0b0d4a4c-gup-util gup-util
17 verbose lock gup-util /home/oscar/.npm/0b0d4a4c-gup-util.lock
18 silly lockFile 9750c68d-gulp gulp
19 silly lockFile 9750c68d-gulp gulp
20 verbose addNamed [ 'gulp', '' ]
21 verbose addNamed [ null, '*' ]
22 silly lockFile 72f4391e-gulp gulp@
23 verbose lock gulp@ /home/oscar/.npm/72f4391e-gulp.lock
24 silly lockFile 0b0d4a4c-gup-util gup-util
25 silly lockFile 0b0d4a4c-gup-util gup-util
26 verbose addNamed [ 'gup-util', '' ]
27 verbose addNamed [ null, '*' ]
28 silly lockFile 9a8a82ba-gup-util gup-util@
29 verbose lock gup-util@ /home/oscar/.npm/9a8a82ba-gup-util.lock
30 silly addNameRange { name: 'gulp', range: '*', hasData: false }
31 silly addNameRange { name: 'gup-util', range: '*', hasData: false }
32 verbose request where is /gup-util
33 verbose request registry https://registry.npmjs.org/
34 verbose request id 4cf3903ff6668ca3
35 verbose url raw /gup-util
36 verbose url resolving [ 'https://registry.npmjs.org/', './gup-util' ]
37 verbose url resolved https://registry.npmjs.org/gup-util
38 verbose request where is https://registry.npmjs.org/gup-util
39 info trying registry request attempt 1 at 23:13:24
40 http GET https://registry.npmjs.org/gup-util
41 verbose request where is /gulp
42 verbose request registry https://registry.npmjs.org/
43 verbose url raw /gulp
44 verbose url resolving [ 'https://registry.npmjs.org/', './gulp' ]
45 verbose url resolved https://registry.npmjs.org/gulp
46 verbose request where is https://registry.npmjs.org/gulp
47 info trying registry request attempt 1 at 23:13:24
48 verbose etag "8FYKTPRHARMBPCUX0PIH6Q2QY"
49 http GET https://registry.npmjs.org/gulp
50 http 304 https://registry.npmjs.org/gulp
51 silly registry.get cb [ 304,
51 silly registry.get   { date: 'Wed, 24 Sep 2014 21:13:26 GMT',
51 silly registry.get     server: 'Apache',
51 silly registry.get     via: '1.1 varnish',
51 silly registry.get     'last-modified': 'Wed, 24 Sep 2014 21:13:26 GMT',
51 silly registry.get     'cache-control': 'max-age=60',
51 silly registry.get     etag: '"8FYKTPRHARMBPCUX0PIH6Q2QY"',
51 silly registry.get     'x-served-by': 'cache-fra1227-FRA',
51 silly registry.get     'x-cache': 'HIT',
51 silly registry.get     'x-cache-hits': '1',
51 silly registry.get     'x-timer': 'S1411593206.348347,VS0,VE0',
51 silly registry.get     vary: 'Accept',
51 silly registry.get     'content-length': '0',
51 silly registry.get     'keep-alive': 'timeout=10, max=50',
51 silly registry.get     connection: 'Keep-Alive' } ]
52 verbose etag https://registry.npmjs.org/gulp from cache
53 silly addNameRange number 2 { name: 'gulp', range: '*', hasData: true }
54 silly addNameRange versions [ 'gulp',
54 silly addNameRange   [ '0.0.1',
54 silly addNameRange     '0.0.2',
54 silly addNameRange     '0.0.3',
54 silly addNameRange     '0.0.4',
54 silly addNameRange     '0.0.5',
54 silly addNameRange     '0.0.7',
54 silly addNameRange     '0.0.8',
54 silly addNameRange     '0.0.9',
54 silly addNameRange     '0.1.0',
54 silly addNameRange     '0.2.0',
54 silly addNameRange     '1.0.0',
54 silly addNameRange     '1.1.0',
54 silly addNameRange     '1.2.0',
54 silly addNameRange     '1.2.1',
54 silly addNameRange     '2.0.0',
54 silly addNameRange     '2.0.1',
54 silly addNameRange     '2.1.0',
54 silly addNameRange     '2.2.0',
54 silly addNameRange     '2.3.0',
54 silly addNameRange     '2.4.0',
54 silly addNameRange     '2.4.1',
54 silly addNameRange     '2.6.0',
54 silly addNameRange     '2.6.1',
54 silly addNameRange     '2.7.0',
54 silly addNameRange     '3.0.0',
54 silly addNameRange     '3.1.1',
54 silly addNameRange     '3.1.2',
54 silly addNameRange     '3.1.3',
54 silly addNameRange     '3.1.4',
54 silly addNameRange     '3.2.0',
54 silly addNameRange     '3.2.1',
54 silly addNameRange     '3.2.2',
54 silly addNameRange     '3.2.3',
54 silly addNameRange     '3.2.4',
54 silly addNameRange     '3.2.5',
54 silly addNameRange     '3.3.0',
54 silly addNameRange     '3.3.1',
54 silly addNameRange     '3.3.2',
54 silly addNameRange     '3.3.4',
54 silly addNameRange     '3.4.0',
54 silly addNameRange     '3.5.0',
54 silly addNameRange     '3.5.1',
54 silly addNameRange     '3.5.2',
54 silly addNameRange     '3.5.5',
54 silly addNameRange     '3.5.6',
54 silly addNameRange     '3.6.0',
54 silly addNameRange     '3.6.1',
54 silly addNameRange     '3.6.2',
54 silly addNameRange     '3.7.0',
54 silly addNameRange     '3.8.0',
54 silly addNameRange     '3.8.1',
54 silly addNameRange     '3.8.2',
54 silly addNameRange     '3.8.3',
54 silly addNameRange     '3.8.4',
54 silly addNameRange     '3.8.5',
54 silly addNameRange     '3.8.6',
54 silly addNameRange     '3.8.7',
54 silly addNameRange     '3.8.8' ] ]
55 verbose addNamed [ 'gulp', '3.8.8' ]
56 verbose addNamed [ '3.8.8', '3.8.8' ]
57 silly lockFile 9f9512c0-gulp-3-8-8 gulp@3.8.8
58 verbose lock gulp@3.8.8 /home/oscar/.npm/9f9512c0-gulp-3-8-8.lock
59 silly lockFile 9f9512c0-gulp-3-8-8 gulp@3.8.8
60 silly lockFile 9f9512c0-gulp-3-8-8 gulp@3.8.8
61 silly lockFile 72f4391e-gulp gulp@
62 silly lockFile 72f4391e-gulp gulp@
63 http 404 https://registry.npmjs.org/gup-util
64 verbose headers { date: 'Wed, 24 Sep 2014 21:13:27 GMT',
64 verbose headers   server: 'CouchDB/1.5.0 (Erlang OTP/R16B03)',
64 verbose headers   'content-type': 'application/json',
64 verbose headers   'cache-control': 'max-age=0',
64 verbose headers   'content-length': '52',
64 verbose headers   'accept-ranges': 'bytes',
64 verbose headers   via: '1.1 varnish',
64 verbose headers   age: '0',
64 verbose headers   'x-served-by': 'cache-fra1230-FRA',
64 verbose headers   'x-cache': 'MISS',
64 verbose headers   'x-cache-hits': '0',
64 verbose headers   'x-timer': 'S1411593206.376469,VS0,VE722',
64 verbose headers   'keep-alive': 'timeout=10, max=50',
64 verbose headers   connection: 'Keep-Alive' }
65 silly registry.get cb [ 404,
65 silly registry.get   { date: 'Wed, 24 Sep 2014 21:13:27 GMT',
65 silly registry.get     server: 'CouchDB/1.5.0 (Erlang OTP/R16B03)',
65 silly registry.get     'content-type': 'application/json',
65 silly registry.get     'cache-control': 'max-age=0',
65 silly registry.get     'content-length': '52',
65 silly registry.get     'accept-ranges': 'bytes',
65 silly registry.get     via: '1.1 varnish',
65 silly registry.get     age: '0',
65 silly registry.get     'x-served-by': 'cache-fra1230-FRA',
65 silly registry.get     'x-cache': 'MISS',
65 silly registry.get     'x-cache-hits': '0',
65 silly registry.get     'x-timer': 'S1411593206.376469,VS0,VE722',
65 silly registry.get     'keep-alive': 'timeout=10, max=50',
65 silly registry.get     connection: 'Keep-Alive' } ]
66 silly lockFile 9a8a82ba-gup-util gup-util@
67 silly lockFile 9a8a82ba-gup-util gup-util@
68 error 404 404 Not Found: gup-util
68 error 404
68 error 404 'gup-util' is not in the npm registry.
68 error 404 You should bug the author to publish it
68 error 404 It was specified as a dependency of 'ordbog'
68 error 404
68 error 404 Note that you can also install from a
68 error 404 tarball, folder, or http url, or git url.
69 error System Linux 3.13.0-32-generic
70 error command "/usr/bin/node" "/usr/bin/npm" "install" "--save-dev" "gulp" "gup-util"
71 error cwd /home/oscar/Development/erlang/ordbog/priv/client
72 error node -v v0.10.32
73 error npm -v 1.4.28
74 error code E404
75 verbose exit [ 1, true ]
