=== Suite started at 2015-03-01 18:11:45
=== Starting test, 3 test cases
=cases         3
=user          oscar
=host          oscar-K52Dr
=hosts         oscar-K52Dr 
=emulator_vsn  6.3
=emulator      beam
=otp_release   17
=started       2015-03-01 18:11:45
=case          word_collector_SUITE:init_per_suite
=logfile       word_collector_suite.init_per_suite.html
=started       2015-03-01 18:11:45
=ended         2015-03-01 18:11:46
=result        ok
=elapsed       0.892483
=case          word_collector_SUITE:add_word
=logfile       word_collector_suite.add_word.html
=started       2015-03-01 18:11:46
=ended         2015-03-01 18:11:46
=result        ok
=elapsed       2.86e-4
=case          word_collector_SUITE:get_all_words
=logfile       word_collector_suite.get_all_words.html
=started       2015-03-01 18:11:46
=ended         2015-03-01 18:11:46
=result        ok
=elapsed       0.016972
=case          word_collector_SUITE:word_by_name
=logfile       word_collector_suite.word_by_name.html
=started       2015-03-01 18:11:46
=ended         2015-03-01 18:11:46
=result        failed: {{badmatch,[]},
                        [{word_collector_SUITE,word_by_name,1,
                             [{file,"test/word_collector_SUITE.erl"},
                              {line,40}]},
                         {test_server,ts_tc,3,
                             [{file,"test_server.erl"},{line,1415}]},
                         {test_server,run_test_case_eval1,6,
                             [{file,"test_server.erl"},{line,1028}]},
                         {test_server,run_test_case_eval,9,
                             [{file,"test_server.erl"},{line,976}]}]}, [{word_collector_SUITE,
                                                                         word_by_name,
                                                                         40},
                                                                        {test_server,
                                                                         ts_tc,
                                                                         1415},
                                                                        {test_server,
                                                                         run_test_case_eval1,
                                                                         1028},
                                                                        {test_server,
                                                                         run_test_case_eval,
                                                                         976}]
=== *** FAILED test case 3 of 3 ***
=case          ct_framework:end_per_suite
=logfile       ct_framework.end_per_suite.html
=started       2015-03-01 18:11:46
=ended         2015-03-01 18:11:46
=result        ok
=elapsed       2.0e-6
=group_time    1.148s
=== TEST COMPLETE, 2 ok, 1 failed of 3 test cases

=finished      2015-03-01 18:11:46
=failed        1
=successful    2
=user_skipped  0
=auto_skipped  0
